[0125/165506.084:ERROR:directory_reader_win.cc(43)] FindFirstFile: The system cannot find the path specified. (0x3)
[0127/144711.947:ERROR:directory_reader_win.cc(43)] FindFirstFile: The system cannot find the path specified. (0x3)
[0127/181139.707:ERROR:process_memory_win.cc(73)] ReadMemory at 0x1903a86e5c0 of 72 bytes failed: Only part of a ReadProcessMemory or WriteProcessMemory request was completed. (0x12B)
[0127/181139.768:WARNING:pe_image_annotations_reader.cc(135)] could not read annotations list object in C:\Program Files (x86)\Google\Chrome\Application\87.0.4280.141\chrome_elf.dll
[0127/181139.769:ERROR:process_memory_win.cc(73)] ReadMemory at 0x7ffa7eac0000 of 64 bytes failed: Only part of a ReadProcessMemory or WriteProcessMemory request was completed. (0x12B)
[0127/181139.803:WARNING:pe_image_reader.cc(340)] could not read dos header from C:\WINDOWS\SYSTEM32\VERSION.dll
[0127/181139.803:ERROR:process_memory_win.cc(73)] ReadMemory at 0x1903a960000 of 64 bytes failed: Only part of a ReadProcessMemory or WriteProcessMemory request was completed. (0x12B)
[0127/181139.803:WARNING:pe_image_reader.cc(340)] could not read dos header from C:\WINDOWS\System32\msvcrt.dll
[0127/181139.803:ERROR:process_memory_win.cc(73)] ReadMemory at 0x7ffa8b5e0000 of 64 bytes failed: Only part of a ReadProcessMemory or WriteProcessMemory request was completed. (0x12B)
[0127/181139.803:WARNING:pe_image_reader.cc(340)] could not read dos header from C:\WINDOWS\System32\ADVAPI32.dll
[0127/181139.803:ERROR:process_memory_win.cc(73)] ReadMemory at 0x7ffa8bfd0000 of 64 bytes failed: Only part of a ReadProcessMemory or WriteProcessMemory request was completed. (0x12B)
[0127/181139.803:WARNING:pe_image_reader.cc(340)] could not read dos header from C:\WINDOWS\System32\sechost.dll
[0127/181139.804:ERROR:process_memory_win.cc(73)] ReadMemory at 0x7ffa8c850000 of 64 bytes failed: Only part of a ReadProcessMemory or WriteProcessMemory request was completed. (0x12B)
[0127/181139.804:WARNING:pe_image_reader.cc(340)] could not read dos header from C:\WINDOWS\System32\RPCRT4.dll
[0127/181139.804:ERROR:process_memory_win.cc(73)] ReadMemory at 0x7ffa16de0000 of 64 bytes failed: Only part of a ReadProcessMemory or WriteProcessMemory request was completed. (0x12B)
[0127/181139.804:WARNING:pe_image_reader.cc(340)] could not read dos header from C:\Program Files (x86)\Google\Chrome\Application\87.0.4280.141\chrome.dll
[0127/181139.804:ERROR:process_memory_win.cc(73)] ReadMemory at 0x7ffa8d460000 of 64 bytes failed: Only part of a ReadProcessMemory or WriteProcessMemory request was completed. (0x12B)
[0127/181139.804:WARNING:pe_image_reader.cc(340)] could not read dos header from C:\WINDOWS\System32\WS2_32.dll
[0127/181139.804:ERROR:process_memory_win.cc(73)] ReadMemory at 0x7ffa8c070000 of 64 bytes failed: Only part of a ReadProcessMemory or WriteProcessMemory request was completed. (0x12B)
[0127/181139.804:WARNING:pe_image_reader.cc(340)] could not read dos header from C:\WINDOWS\System32\OLEAUT32.dll
[0127/181139.804:ERROR:process_memory_win.cc(73)] ReadMemory at 0x7ffa8b020000 of 64 bytes failed: Only part of a ReadProcessMemory or WriteProcessMemory request was completed. (0x12B)
[0127/181139.804:WARNING:pe_image_reader.cc(340)] could not read dos header from C:\WINDOWS\System32\msvcp_win.dll
[0127/181139.804:ERROR:process_memory_win.cc(73)] ReadMemory at 0x7ffa8b3c0000 of 64 bytes failed: Only part of a ReadProcessMemory or WriteProcessMemory request was completed. (0x12B)
[0127/181139.804:WARNING:pe_image_reader.cc(340)] could not read dos header from C:\WINDOWS\System32\ucrtbase.dll
[0127/181139.804:ERROR:process_memory_win.cc(73)] ReadMemory at 0x7ffa8d100000 of 64 bytes failed: Only part of a ReadProcessMemory or WriteProcessMemory request was completed. (0x12B)
[0127/181139.804:WARNING:pe_image_reader.cc(340)] could not read dos header from C:\WINDOWS\System32\combase.dll
[0127/181139.804:ERROR:process_memory_win.cc(73)] ReadMemory at 0x7ffa8b330000 of 64 bytes failed: Only part of a ReadProcessMemory or WriteProcessMemory request was completed. (0x12B)
[0127/181139.806:WARNING:pe_image_reader.cc(340)] could not read dos header from C:\WINDOWS\System32\WINTRUST.dll
[0127/181139.806:ERROR:process_memory_win.cc(73)] ReadMemory at 0x7ffa8b1d0000 of 64 bytes failed: Only part of a ReadProcessMemory or WriteProcessMemory request was completed. (0x12B)
[0127/181139.806:WARNING:pe_image_reader.cc(340)] could not read dos header from C:\WINDOWS\System32\CRYPT32.dll
[0127/181139.806:ERROR:process_memory_win.cc(73)] ReadMemory at 0x7ffa889d0000 of 64 bytes failed: Only part of a ReadProcessMemory or WriteProcessMemory request was completed. (0x12B)
[0127/181139.806:WARNING:pe_image_reader.cc(340)] could not read dos header from C:\WINDOWS\SYSTEM32\dbghelp.dll
[0127/181139.806:ERROR:process_memory_win.cc(73)] ReadMemory at 0x7ffa8a0b0000 of 64 bytes failed: Only part of a ReadProcessMemory or WriteProcessMemory request was completed. (0x12B)
[0127/181139.806:WARNING:pe_image_reader.cc(340)] could not read dos header from C:\WINDOWS\SYSTEM32\IPHLPAPI.DLL
[0127/181139.806:ERROR:process_memory_win.cc(73)] ReadMemory at 0x7ffa7d750000 of 64 bytes failed: Only part of a ReadProcessMemory or WriteProcessMemory request was completed. (0x12B)
[0127/181139.806:WARNING:pe_image_reader.cc(340)] could not read dos header from C:\WINDOWS\SYSTEM32\WINMM.dll
[0127/181139.807:ERROR:process_memory_win.cc(73)] ReadMemory at 0x7ffa5a040000 of 64 bytes failed: Only part of a ReadProcessMemory or WriteProcessMemory request was completed. (0x12B)
[0127/181139.807:WARNING:pe_image_reader.cc(340)] could not read dos header from C:\WINDOWS\SYSTEM32\UIAutomationCore.DLL
[0127/181139.807:ERROR:process_memory_win.cc(73)] ReadMemory at 0x7ffa6a9e0000 of 64 bytes failed: Only part of a ReadProcessMemory or WriteProcessMemory request was completed. (0x12B)
[0127/181139.807:WARNING:pe_image_reader.cc(340)] could not read dos header from C:\WINDOWS\SYSTEM32\Secur32.dll
[0127/181139.807:ERROR:process_memory_win.cc(73)] ReadMemory at 0x7ffa8ab40000 of 64 bytes failed: Only part of a ReadProcessMemory or WriteProcessMemory request was completed. (0x12B)
[0127/181139.807:WARNING:pe_image_reader.cc(340)] could not read dos header from C:\WINDOWS\SYSTEM32\USERENV.dll
[0127/181139.807:ERROR:process_memory_win.cc(73)] ReadMemory at 0x7ffa5fa70000 of 64 bytes failed: Only part of a ReadProcessMemory or WriteProcessMemory request was completed. (0x12B)
[0127/181139.807:WARNING:pe_image_reader.cc(340)] could not read dos header from C:\WINDOWS\SYSTEM32\DWrite.dll
[0127/181139.807:ERROR:process_memory_win.cc(73)] ReadMemory at 0x7ffa75e60000 of 64 bytes failed: Only part of a ReadProcessMemory or WriteProcessMemory request was completed. (0x12B)
[0127/181139.807:WARNING:pe_image_reader.cc(340)] could not read dos header from C:\WINDOWS\SYSTEM32\WINSPOOL.DRV
[0127/181139.808:ERROR:process_memory_win.cc(73)] ReadMemory at 0x7ffa84d90000 of 64 bytes failed: Only part of a ReadProcessMemory or WriteProcessMemory request was completed. (0x12B)
[0127/181139.808:WARNING:pe_image_reader.cc(340)] could not read dos header from C:\WINDOWS\SYSTEM32\WINHTTP.dll
[0127/181139.808:ERROR:process_memory_win.cc(73)] ReadMemory at 0x7ffa80f30000 of 64 bytes failed: Only part of a ReadProcessMemory or WriteProcessMemory request was completed. (0x12B)
[0127/181139.808:WARNING:pe_image_reader.cc(340)] could not read dos header from C:\WINDOWS\SYSTEM32\dhcpcsvc.DLL
[0127/181139.808:ERROR:process_memory_win.cc(73)] ReadMemory at 0x7ffa86890000 of 64 bytes failed: Only part of a ReadProcessMemory or WriteProcessMemory request was completed. (0x12B)
[0127/181139.808:WARNING:pe_image_reader.cc(340)] could not read dos header from C:\WINDOWS\SYSTEM32\PROPSYS.dll
[0127/181139.808:ERROR:process_memory_win.cc(73)] ReadMemory at 0x7ffa8ab00000 of 64 bytes failed: Only part of a ReadProcessMemory or WriteProcessMemory request was completed. (0x12B)
[0127/181139.808:WARNING:pe_image_reader.cc(340)] could not read dos header from C:\WINDOWS\SYSTEM32\SSPICLI.DLL
[0127/181139.808:ERROR:process_memory_win.cc(73)] ReadMemory at 0x7ffa8a830000 of 64 bytes failed: Only part of a ReadProcessMemory or WriteProcessMemory request was completed. (0x12B)
[0127/181139.808:WARNING:pe_image_reader.cc(340)] could not read dos header from C:\WINDOWS\System32\MSASN1.dll
[0127/181139.808:ERROR:process_memory_win.cc(73)] ReadMemory at 0x7ffa8b4c0000 of 64 bytes failed: Only part of a ReadProcessMemory or WriteProcessMemory request was completed. (0x12B)
[0127/181139.808:WARNING:pe_image_reader.cc(340)] could not read dos header from C:\WINDOWS\System32\bcryptPrimitives.dll
[0127/181139.808:ERROR:process_memory_win.cc(73)] ReadMemory at 0x7ffa8a600000 of 64 bytes failed: Only part of a ReadProcessMemory or WriteProcessMemory request was completed. (0x12B)
[0127/181139.808:WARNING:pe_image_reader.cc(340)] could not read dos header from C:\WINDOWS\SYSTEM32\CRYPTBASE.DLL
[0127/181139.820:ERROR:process_memory_win.cc(73)] ReadMemory at 0x7ff715e20000 of 64 bytes failed: Only part of a ReadProcessMemory or WriteProcessMemory request was completed. (0x12B)
[0127/181139.820:WARNING:pe_image_reader.cc(340)] could not read dos header from C:\Program Files (x86)\Google\Chrome\Application\chrome.exe
[0127/181139.820:ERROR:process_memory_win.cc(73)] ReadMemory at 0x7ffa8d510000 of 64 bytes failed: Only part of a ReadProcessMemory or WriteProcessMemory request was completed. (0x12B)
[0127/181139.820:WARNING:pe_image_reader.cc(340)] could not read dos header from C:\WINDOWS\SYSTEM32\ntdll.dll
[0127/181139.820:ERROR:process_memory_win.cc(73)] ReadMemory at 0x7ffa8b7b0000 of 64 bytes failed: Only part of a ReadProcessMemory or WriteProcessMemory request was completed. (0x12B)
[0127/181139.821:WARNING:pe_image_reader.cc(340)] could not read dos header from C:\WINDOWS\System32\KERNEL32.DLL
[0127/181139.821:ERROR:process_memory_win.cc(73)] ReadMemory at 0x7ffa8ad50000 of 64 bytes failed: Only part of a ReadProcessMemory or WriteProcessMemory request was completed. (0x12B)
[0127/181139.821:WARNING:pe_image_reader.cc(340)] could not read dos header from C:\WINDOWS\System32\KERNELBASE.dll
[0127/181139.821:ERROR:process_memory_win.cc(73)] ReadMemory at 0x7ffa2fdd0000 of 64 bytes failed: Only part of a ReadProcessMemory or WriteProcessMemory request was completed. (0x12B)
[0127/181139.821:WARNING:pe_image_reader.cc(340)] could not read dos header from C:\Program Files (x86)\Google\Chrome\Application\87.0.4280.141\chrome_elf.dll
[0127/181139.821:ERROR:process_memory_win.cc(73)] ReadMemory at 0x7ffa7eac0000 of 64 bytes failed: Only part of a ReadProcessMemory or WriteProcessMemory request was completed. (0x12B)
[0127/181139.821:WARNING:pe_image_reader.cc(340)] could not read dos header from C:\WINDOWS\SYSTEM32\VERSION.dll
[0127/181139.821:ERROR:process_memory_win.cc(73)] ReadMemory at 0x1903a960000 of 64 bytes failed: Only part of a ReadProcessMemory or WriteProcessMemory request was completed. (0x12B)
[0127/181139.821:WARNING:pe_image_reader.cc(340)] could not read dos header from C:\WINDOWS\System32\msvcrt.dll
[0127/181139.821:ERROR:process_memory_win.cc(73)] ReadMemory at 0x7ffa8b5e0000 of 64 bytes failed: Only part of a ReadProcessMemory or WriteProcessMemory request was completed. (0x12B)
[0127/181139.821:WARNING:pe_image_reader.cc(340)] could not read dos header from C:\WINDOWS\System32\ADVAPI32.dll
[0127/181139.821:ERROR:process_memory_win.cc(73)] ReadMemory at 0x7ffa8bfd0000 of 64 bytes failed: Only part of a ReadProcessMemory or WriteProcessMemory request was completed. (0x12B)
[0127/181139.821:WARNING:pe_image_reader.cc(340)] could not read dos header from C:\WINDOWS\System32\sechost.dll
[0127/181139.821:ERROR:process_memory_win.cc(73)] ReadMemory at 0x7ffa8c850000 of 64 bytes failed: Only part of a ReadProcessMemory or WriteProcessMemory request was completed. (0x12B)
[0127/181139.821:WARNING:pe_image_reader.cc(340)] could not read dos header from C:\WINDOWS\System32\RPCRT4.dll
[0127/181139.821:ERROR:process_memory_win.cc(73)] ReadMemory at 0x7ffa16de0000 of 64 bytes failed: Only part of a ReadProcessMemory or WriteProcessMemory request was completed. (0x12B)
[0127/181139.821:WARNING:pe_image_reader.cc(340)] could not read dos header from C:\Program Files (x86)\Google\Chrome\Application\87.0.4280.141\chrome.dll
[0127/181139.823:ERROR:process_memory_win.cc(73)] ReadMemory at 0x7ffa8d460000 of 64 bytes failed: Only part of a ReadProcessMemory or WriteProcessMemory request was completed. (0x12B)
[0127/181139.823:WARNING:pe_image_reader.cc(340)] could not read dos header from C:\WINDOWS\System32\WS2_32.dll
[0127/181139.823:ERROR:process_memory_win.cc(73)] ReadMemory at 0x7ffa8c070000 of 64 bytes failed: Only part of a ReadProcessMemory or WriteProcessMemory request was completed. (0x12B)
[0127/181139.823:WARNING:pe_image_reader.cc(340)] could not read dos header from C:\WINDOWS\System32\OLEAUT32.dll
[0127/181139.823:ERROR:process_memory_win.cc(73)] ReadMemory at 0x7ffa8b020000 of 64 bytes failed: Only part of a ReadProcessMemory or WriteProcessMemory request was completed. (0x12B)
[0127/181139.823:WARNING:pe_image_reader.cc(340)] could not read dos header from C:\WINDOWS\System32\msvcp_win.dll
[0127/181139.823:ERROR:process_memory_win.cc(73)] ReadMemory at 0x7ffa8b3c0000 of 64 bytes failed: Only part of a ReadProcessMemory or WriteProcessMemory request was completed. (0x12B)
[0127/181139.823:WARNING:pe_image_reader.cc(340)] could not read dos header from C:\WINDOWS\System32\ucrtbase.dll
[0127/181139.823:ERROR:process_memory_win.cc(73)] ReadMemory at 0x7ffa8d100000 of 64 bytes failed: Only part of a ReadProcessMemory or WriteProcessMemory request was completed. (0x12B)
[0127/181139.823:WARNING:pe_image_reader.cc(340)] could not read dos header from C:\WINDOWS\System32\combase.dll
[0127/181139.823:ERROR:process_memory_win.cc(73)] ReadMemory at 0x7ffa8b330000 of 64 bytes failed: Only part of a ReadProcessMemory or WriteProcessMemory request was completed. (0x12B)
[0127/181139.823:WARNING:pe_image_reader.cc(340)] could not read dos header from C:\WINDOWS\System32\WINTRUST.dll
[0127/181139.823:ERROR:process_memory_win.cc(73)] ReadMemory at 0x7ffa8b1d0000 of 64 bytes failed: Only part of a ReadProcessMemory or WriteProcessMemory request was completed. (0x12B)
[0127/181139.823:WARNING:pe_image_reader.cc(340)] could not read dos header from C:\WINDOWS\System32\CRYPT32.dll
[0127/181139.823:ERROR:process_memory_win.cc(73)] ReadMemory at 0x7ffa889d0000 of 64 bytes failed: Only part of a ReadProcessMemory or WriteProcessMemory request was completed. (0x12B)
[0127/181139.823:WARNING:pe_image_reader.cc(340)] could not read dos header from C:\WINDOWS\SYSTEM32\dbghelp.dll
[0127/181139.823:ERROR:process_memory_win.cc(73)] ReadMemory at 0x7ffa8a0b0000 of 64 bytes failed: Only part of a ReadProcessMemory or WriteProcessMemory request was completed. (0x12B)
[0127/181139.823:WARNING:pe_image_reader.cc(340)] could not read dos header from C:\WINDOWS\SYSTEM32\IPHLPAPI.DLL
[0127/181139.823:ERROR:process_memory_win.cc(73)] ReadMemory at 0x7ffa7d750000 of 64 bytes failed: Only part of a ReadProcessMemory or WriteProcessMemory request was completed. (0x12B)
[0127/181139.823:WARNING:pe_image_reader.cc(340)] could not read dos header from C:\WINDOWS\SYSTEM32\WINMM.dll
[0127/181139.823:ERROR:process_memory_win.cc(73)] ReadMemory at 0x7ffa5a040000 of 64 bytes failed: Only part of a ReadProcessMemory or WriteProcessMemory request was completed. (0x12B)
[0127/181139.823:WARNING:pe_image_reader.cc(340)] could not read dos header from C:\WINDOWS\SYSTEM32\UIAutomationCore.DLL
[0127/181139.823:ERROR:process_memory_win.cc(73)] ReadMemory at 0x7ffa6a9e0000 of 64 bytes failed: Only part of a ReadProcessMemory or WriteProcessMemory request was completed. (0x12B)
[0127/181139.823:WARNING:pe_image_reader.cc(340)] could not read dos header from C:\WINDOWS\SYSTEM32\Secur32.dll
[0127/181139.823:ERROR:process_memory_win.cc(73)] ReadMemory at 0x7ffa8ab40000 of 64 bytes failed: Only part of a ReadProcessMemory or WriteProcessMemory request was completed. (0x12B)
[0127/181139.823:WARNING:pe_image_reader.cc(340)] could not read dos header from C:\WINDOWS\SYSTEM32\USERENV.dll
[0127/181139.823:ERROR:process_memory_win.cc(73)] ReadMemory at 0x7ffa5fa70000 of 64 bytes failed: Only part of a ReadProcessMemory or WriteProcessMemory request was completed. (0x12B)
[0127/181139.884:WARNING:pe_image_reader.cc(340)] could not read dos header from C:\WINDOWS\SYSTEM32\DWrite.dll
[0127/181139.884:ERROR:process_memory_win.cc(73)] ReadMemory at 0x7ffa75e60000 of 64 bytes failed: Only part of a ReadProcessMemory or WriteProcessMemory request was completed. (0x12B)
[0127/181139.884:WARNING:pe_image_reader.cc(340)] could not read dos header from C:\WINDOWS\SYSTEM32\WINSPOOL.DRV
[0127/181139.885:ERROR:process_memory_win.cc(73)] ReadMemory at 0x7ffa84d90000 of 64 bytes failed: Only part of a ReadProcessMemory or WriteProcessMemory request was completed. (0x12B)
[0127/181139.885:WARNING:pe_image_reader.cc(340)] could not read dos header from C:\WINDOWS\SYSTEM32\WINHTTP.dll
[0127/181139.885:ERROR:process_memory_win.cc(73)] ReadMemory at 0x7ffa80f30000 of 64 bytes failed: Only part of a ReadProcessMemory or WriteProcessMemory request was completed. (0x12B)
[0127/181139.885:WARNING:pe_image_reader.cc(340)] could not read dos header from C:\WINDOWS\SYSTEM32\dhcpcsvc.DLL
[0127/181139.885:ERROR:process_memory_win.cc(73)] ReadMemory at 0x7ffa86890000 of 64 bytes failed: Only part of a ReadProcessMemory or WriteProcessMemory request was completed. (0x12B)
[0127/181139.885:WARNING:pe_image_reader.cc(340)] could not read dos header from C:\WINDOWS\SYSTEM32\PROPSYS.dll
[0127/181139.885:ERROR:process_memory_win.cc(73)] ReadMemory at 0x7ffa8ab00000 of 64 bytes failed: Only part of a ReadProcessMemory or WriteProcessMemory request was completed. (0x12B)
[0127/181139.885:WARNING:pe_image_reader.cc(340)] could not read dos header from C:\WINDOWS\SYSTEM32\SSPICLI.DLL
[0127/181139.885:ERROR:process_memory_win.cc(73)] ReadMemory at 0x7ffa8a830000 of 64 bytes failed: Only part of a ReadProcessMemory or WriteProcessMemory request was completed. (0x12B)
[0127/181139.885:WARNING:pe_image_reader.cc(340)] could not read dos header from C:\WINDOWS\System32\MSASN1.dll
[0127/181139.885:ERROR:process_memory_win.cc(73)] ReadMemory at 0x7ffa8b4c0000 of 64 bytes failed: Only part of a ReadProcessMemory or WriteProcessMemory request was completed. (0x12B)
[0127/181139.885:WARNING:pe_image_reader.cc(340)] could not read dos header from C:\WINDOWS\System32\bcryptPrimitives.dll
[0127/181139.885:ERROR:process_memory_win.cc(73)] ReadMemory at 0x7ffa8a600000 of 64 bytes failed: Only part of a ReadProcessMemory or WriteProcessMemory request was completed. (0x12B)
[0127/181139.885:WARNING:pe_image_reader.cc(340)] could not read dos header from C:\WINDOWS\SYSTEM32\CRYPTBASE.DLL
[0127/181139.885:ERROR:process_memory_win.cc(73)] ReadMemory at 0x7ff715e20000 of 64 bytes failed: Only part of a ReadProcessMemory or WriteProcessMemory request was completed. (0x12B)
[0127/181139.885:WARNING:pe_image_reader.cc(340)] could not read dos header from C:\Program Files (x86)\Google\Chrome\Application\chrome.exe
[0127/181139.887:ERROR:process_memory_win.cc(73)] ReadMemory at 0x7ffa8d510000 of 64 bytes failed: Only part of a ReadProcessMemory or WriteProcessMemory request was completed. (0x12B)
[0127/181139.887:WARNING:pe_image_reader.cc(340)] could not read dos header from C:\WINDOWS\SYSTEM32\ntdll.dll
[0127/181139.887:ERROR:process_memory_win.cc(73)] ReadMemory at 0x7ffa8b7b0000 of 64 bytes failed: Only part of a ReadProcessMemory or WriteProcessMemory request was completed. (0x12B)
[0127/181139.887:WARNING:pe_image_reader.cc(340)] could not read dos header from C:\WINDOWS\System32\KERNEL32.DLL
[0127/181139.887:ERROR:process_memory_win.cc(73)] ReadMemory at 0x7ffa8ad50000 of 64 bytes failed: Only part of a ReadProcessMemory or WriteProcessMemory request was completed. (0x12B)
[0127/181139.887:WARNING:pe_image_reader.cc(340)] could not read dos header from C:\WINDOWS\System32\KERNELBASE.dll
[0127/181139.887:ERROR:process_memory_win.cc(73)] ReadMemory at 0x7ffa2fdd0000 of 64 bytes failed: Only part of a ReadProcessMemory or WriteProcessMemory request was completed. (0x12B)
[0127/181139.887:WARNING:pe_image_reader.cc(340)] could not read dos header from C:\Program Files (x86)\Google\Chrome\Application\87.0.4280.141\chrome_elf.dll
[0127/181139.887:ERROR:process_memory_win.cc(73)] ReadMemory at 0x7ffa7eac0000 of 64 bytes failed: Only part of a ReadProcessMemory or WriteProcessMemory request was completed. (0x12B)
[0127/181139.887:WARNING:pe_image_reader.cc(340)] could not read dos header from C:\WINDOWS\SYSTEM32\VERSION.dll
[0127/181139.887:ERROR:process_memory_win.cc(73)] ReadMemory at 0x1903a960000 of 64 bytes failed: Only part of a ReadProcessMemory or WriteProcessMemory request was completed. (0x12B)
[0127/181139.888:WARNING:pe_image_reader.cc(340)] could not read dos header from C:\WINDOWS\System32\msvcrt.dll
[0127/181139.888:ERROR:process_memory_win.cc(73)] ReadMemory at 0x7ffa8b5e0000 of 64 bytes failed: Only part of a ReadProcessMemory or WriteProcessMemory request was completed. (0x12B)
[0127/181139.888:WARNING:pe_image_reader.cc(340)] could not read dos header from C:\WINDOWS\System32\ADVAPI32.dll
[0127/181139.888:ERROR:process_memory_win.cc(73)] ReadMemory at 0x7ffa8bfd0000 of 64 bytes failed: Only part of a ReadProcessMemory or WriteProcessMemory request was completed. (0x12B)
[0127/181139.888:WARNING:pe_image_reader.cc(340)] could not read dos header from C:\WINDOWS\System32\sechost.dll
[0127/181139.888:ERROR:process_memory_win.cc(73)] ReadMemory at 0x7ffa8c850000 of 64 bytes failed: Only part of a ReadProcessMemory or WriteProcessMemory request was completed. (0x12B)
[0127/181139.888:WARNING:pe_image_reader.cc(340)] could not read dos header from C:\WINDOWS\System32\RPCRT4.dll
[0127/181139.888:ERROR:process_memory_win.cc(73)] ReadMemory at 0x7ffa16de0000 of 64 bytes failed: Only part of a ReadProcessMemory or WriteProcessMemory request was completed. (0x12B)
[0127/181139.888:WARNING:pe_image_reader.cc(340)] could not read dos header from C:\Program Files (x86)\Google\Chrome\Application\87.0.4280.141\chrome.dll
[0127/181139.888:ERROR:process_memory_win.cc(73)] ReadMemory at 0x7ffa8d460000 of 64 bytes failed: Only part of a ReadProcessMemory or WriteProcessMemory request was completed. (0x12B)
[0127/181139.888:WARNING:pe_image_reader.cc(340)] could not read dos header from C:\WINDOWS\System32\WS2_32.dll
[0127/181139.889:ERROR:process_memory_win.cc(73)] ReadMemory at 0x7ffa8c070000 of 64 bytes failed: Only part of a ReadProcessMemory or WriteProcessMemory request was completed. (0x12B)
[0127/181139.889:WARNING:pe_image_reader.cc(340)] could not read dos header from C:\WINDOWS\System32\OLEAUT32.dll
[0127/181139.889:ERROR:process_memory_win.cc(73)] ReadMemory at 0x7ffa8b020000 of 64 bytes failed: Only part of a ReadProcessMemory or WriteProcessMemory request was completed. (0x12B)
[0127/181139.889:WARNING:pe_image_reader.cc(340)] could not read dos header from C:\WINDOWS\System32\msvcp_win.dll
[0127/181139.889:ERROR:process_memory_win.cc(73)] ReadMemory at 0x7ffa8b3c0000 of 64 bytes failed: Only part of a ReadProcessMemory or WriteProcessMemory request was completed. (0x12B)
[0127/181139.889:WARNING:pe_image_reader.cc(340)] could not read dos header from C:\WINDOWS\System32\ucrtbase.dll
[0127/181139.889:ERROR:process_memory_win.cc(73)] ReadMemory at 0x7ffa8d100000 of 64 bytes failed: Only part of a ReadProcessMemory or WriteProcessMemory request was completed. (0x12B)
[0127/181139.889:WARNING:pe_image_reader.cc(340)] could not read dos header from C:\WINDOWS\System32\combase.dll
[0127/181139.889:ERROR:process_memory_win.cc(73)] ReadMemory at 0x7ffa8b330000 of 64 bytes failed: Only part of a ReadProcessMemory or WriteProcessMemory request was completed. (0x12B)
[0127/181139.889:WARNING:pe_image_reader.cc(340)] could not read dos header from C:\WINDOWS\System32\WINTRUST.dll
[0127/181139.889:ERROR:process_memory_win.cc(73)] ReadMemory at 0x7ffa8b1d0000 of 64 bytes failed: Only part of a ReadProcessMemory or WriteProcessMemory request was completed. (0x12B)
[0127/181139.889:WARNING:pe_image_reader.cc(340)] could not read dos header from C:\WINDOWS\System32\CRYPT32.dll
[0127/181139.889:ERROR:process_memory_win.cc(73)] ReadMemory at 0x7ffa889d0000 of 64 bytes failed: Only part of a ReadProcessMemory or WriteProcessMemory request was completed. (0x12B)
[0127/181139.889:WARNING:pe_image_reader.cc(340)] could not read dos header from C:\WINDOWS\SYSTEM32\dbghelp.dll
[0127/181139.889:ERROR:process_memory_win.cc(73)] ReadMemory at 0x7ffa8a0b0000 of 64 bytes failed: Only part of a ReadProcessMemory or WriteProcessMemory request was completed. (0x12B)
[0127/181139.889:WARNING:pe_image_reader.cc(340)] could not read dos header from C:\WINDOWS\SYSTEM32\IPHLPAPI.DLL
[0127/181139.889:ERROR:process_memory_win.cc(73)] ReadMemory at 0x7ffa7d750000 of 64 bytes failed: Only part of a ReadProcessMemory or WriteProcessMemory request was completed. (0x12B)
[0127/181139.889:WARNING:pe_image_reader.cc(340)] could not read dos header from C:\WINDOWS\SYSTEM32\WINMM.dll
[0127/181139.890:ERROR:process_memory_win.cc(73)] ReadMemory at 0x7ffa5a040000 of 64 bytes failed: Only part of a ReadProcessMemory or WriteProcessMemory request was completed. (0x12B)
[0127/181139.890:WARNING:pe_image_reader.cc(340)] could not read dos header from C:\WINDOWS\SYSTEM32\UIAutomationCore.DLL
[0127/181139.890:ERROR:process_memory_win.cc(73)] ReadMemory at 0x7ffa6a9e0000 of 64 bytes failed: Only part of a ReadProcessMemory or WriteProcessMemory request was completed. (0x12B)
[0127/181139.890:WARNING:pe_image_reader.cc(340)] could not read dos header from C:\WINDOWS\SYSTEM32\Secur32.dll
[0127/181139.890:ERROR:process_memory_win.cc(73)] ReadMemory at 0x7ffa8ab40000 of 64 bytes failed: Only part of a ReadProcessMemory or WriteProcessMemory request was completed. (0x12B)
[0127/181139.890:WARNING:pe_image_reader.cc(340)] could not read dos header from C:\WINDOWS\SYSTEM32\USERENV.dll
[0127/181139.890:ERROR:process_memory_win.cc(73)] ReadMemory at 0x7ffa5fa70000 of 64 bytes failed: Only part of a ReadProcessMemory or WriteProcessMemory request was completed. (0x12B)
[0127/181139.890:WARNING:pe_image_reader.cc(340)] could not read dos header from C:\WINDOWS\SYSTEM32\DWrite.dll
[0127/181139.890:ERROR:process_memory_win.cc(73)] ReadMemory at 0x7ffa75e60000 of 64 bytes failed: Only part of a ReadProcessMemory or WriteProcessMemory request was completed. (0x12B)
[0127/181139.890:WARNING:pe_image_reader.cc(340)] could not read dos header from C:\WINDOWS\SYSTEM32\WINSPOOL.DRV
[0127/181139.890:ERROR:process_memory_win.cc(73)] ReadMemory at 0x7ffa84d90000 of 64 bytes failed: Only part of a ReadProcessMemory or WriteProcessMemory request was completed. (0x12B)
[0127/181139.890:WARNING:pe_image_reader.cc(340)] could not read dos header from C:\WINDOWS\SYSTEM32\WINHTTP.dll
[0127/181139.890:ERROR:process_memory_win.cc(73)] ReadMemory at 0x7ffa80f30000 of 64 bytes failed: Only part of a ReadProcessMemory or WriteProcessMemory request was completed. (0x12B)
[0127/181139.890:WARNING:pe_image_reader.cc(340)] could not read dos header from C:\WINDOWS\SYSTEM32\dhcpcsvc.DLL
[0127/181139.890:ERROR:process_memory_win.cc(73)] ReadMemory at 0x7ffa86890000 of 64 bytes failed: Only part of a ReadProcessMemory or WriteProcessMemory request was completed. (0x12B)
[0127/181139.890:WARNING:pe_image_reader.cc(340)] could not read dos header from C:\WINDOWS\SYSTEM32\PROPSYS.dll
[0127/181139.890:ERROR:process_memory_win.cc(73)] ReadMemory at 0x7ffa8ab00000 of 64 bytes failed: Only part of a ReadProcessMemory or WriteProcessMemory request was completed. (0x12B)
[0127/181139.890:WARNING:pe_image_reader.cc(340)] could not read dos header from C:\WINDOWS\SYSTEM32\SSPICLI.DLL
[0127/181139.890:ERROR:process_memory_win.cc(73)] ReadMemory at 0x7ffa8a830000 of 64 bytes failed: Only part of a ReadProcessMemory or WriteProcessMemory request was completed. (0x12B)
[0127/181139.890:WARNING:pe_image_reader.cc(340)] could not read dos header from C:\WINDOWS\System32\MSASN1.dll
[0127/181139.890:ERROR:process_memory_win.cc(73)] ReadMemory at 0x7ffa8b4c0000 of 64 bytes failed: Only part of a ReadProcessMemory or WriteProcessMemory request was completed. (0x12B)
[0127/181139.890:WARNING:pe_image_reader.cc(340)] could not read dos header from C:\WINDOWS\System32\bcryptPrimitives.dll
[0127/181139.890:ERROR:process_memory_win.cc(73)] ReadMemory at 0x7ffa8a600000 of 64 bytes failed: Only part of a ReadProcessMemory or WriteProcessMemory request was completed. (0x12B)
[0127/181139.893:WARNING:pe_image_reader.cc(340)] could not read dos header from C:\WINDOWS\SYSTEM32\CRYPTBASE.DLL
[0127/181140.003:ERROR:process_memory_win.cc(73)] ReadMemory at 0x29223e9000 of 94208 bytes failed: Only part of a ReadProcessMemory or WriteProcessMemory request was completed. (0x12B)
[0127/181140.004:ERROR:process_memory_win.cc(73)] ReadMemory at 0x2922bfe000 of 8192 bytes failed: Only part of a ReadProcessMemory or WriteProcessMemory request was completed. (0x12B)
[0127/181140.004:ERROR:process_memory_win.cc(73)] ReadMemory at 0x2923bfe000 of 8192 bytes failed: Only part of a ReadProcessMemory or WriteProcessMemory request was completed. (0x12B)
[0127/181140.004:ERROR:process_memory_win.cc(73)] ReadMemory at 0x29243fd000 of 12288 bytes failed: Only part of a ReadProcessMemory or WriteProcessMemory request was completed. (0x12B)
[0127/181140.005:ERROR:process_memory_win.cc(73)] ReadMemory at 0x29253ff000 of 4096 bytes failed: Only part of a ReadProcessMemory or WriteProcessMemory request was completed. (0x12B)
[0127/181140.005:ERROR:process_memory_win.cc(73)] ReadMemory at 0x2925bfe000 of 8192 bytes failed: Only part of a ReadProcessMemory or WriteProcessMemory request was completed. (0x12B)
[0127/181140.005:ERROR:process_memory_win.cc(73)] ReadMemory at 0x29263fd000 of 12288 bytes failed: Only part of a ReadProcessMemory or WriteProcessMemory request was completed. (0x12B)
[0127/181140.005:ERROR:process_memory_win.cc(73)] ReadMemory at 0x29273fe000 of 8192 bytes failed: Only part of a ReadProcessMemory or WriteProcessMemory request was completed. (0x12B)
[0127/181140.005:ERROR:process_memory_win.cc(73)] ReadMemory at 0x2927bfc000 of 16384 bytes failed: Only part of a ReadProcessMemory or WriteProcessMemory request was completed. (0x12B)
[0127/181140.005:ERROR:process_memory_win.cc(73)] ReadMemory at 0x29283fc000 of 16384 bytes failed: Only part of a ReadProcessMemory or WriteProcessMemory request was completed. (0x12B)
[0127/181140.006:ERROR:process_memory_win.cc(73)] ReadMemory at 0x2928bfc000 of 16384 bytes failed: Only part of a ReadProcessMemory or WriteProcessMemory request was completed. (0x12B)
[0127/181140.006:ERROR:process_memory_win.cc(73)] ReadMemory at 0x29293fc000 of 16384 bytes failed: Only part of a ReadProcessMemory or WriteProcessMemory request was completed. (0x12B)
[0127/181140.006:ERROR:process_memory_win.cc(73)] ReadMemory at 0x2929bfe000 of 8192 bytes failed: Only part of a ReadProcessMemory or WriteProcessMemory request was completed. (0x12B)
[0127/181140.006:ERROR:process_memory_win.cc(73)] ReadMemory at 0x2924bfe000 of 8192 bytes failed: Only part of a ReadProcessMemory or WriteProcessMemory request was completed. (0x12B)
[0127/181140.007:ERROR:process_memory_win.cc(73)] ReadMemory at 0x292abfc000 of 16384 bytes failed: Only part of a ReadProcessMemory or WriteProcessMemory request was completed. (0x12B)
[0127/181140.007:ERROR:process_memory_win.cc(73)] ReadMemory at 0x29233fc000 of 16384 bytes failed: Only part of a ReadProcessMemory or WriteProcessMemory request was completed. (0x12B)
[0127/181140.007:ERROR:process_memory_win.cc(73)] ReadMemory at 0x2926bfc000 of 16384 bytes failed: Only part of a ReadProcessMemory or WriteProcessMemory request was completed. (0x12B)
[0127/181140.008:ERROR:process_memory_win.cc(73)] ReadMemory at 0x292a3fc000 of 16384 bytes failed: Only part of a ReadProcessMemory or WriteProcessMemory request was completed. (0x12B)
[0127/181140.008:ERROR:process_memory_win.cc(73)] ReadMemory at 0x292b3fc000 of 16384 bytes failed: Only part of a ReadProcessMemory or WriteProcessMemory request was completed. (0x12B)
[0127/181140.008:ERROR:process_memory_win.cc(73)] ReadMemory at 0x292bbfc000 of 16384 bytes failed: Only part of a ReadProcessMemory or WriteProcessMemory request was completed. (0x12B)
[0127/181140.008:ERROR:process_memory_win.cc(73)] ReadMemory at 0x292c3fc000 of 16384 bytes failed: Only part of a ReadProcessMemory or WriteProcessMemory request was completed. (0x12B)
[0127/181140.008:ERROR:process_memory_win.cc(73)] ReadMemory at 0x292cbfe000 of 8192 bytes failed: Only part of a ReadProcessMemory or WriteProcessMemory request was completed. (0x12B)
[0127/181140.365:ERROR:process_memory_win.cc(73)] ReadMemory at 0x2921a12000 of 6024 bytes failed: Only part of a ReadProcessMemory or WriteProcessMemory request was completed. (0x12B)
[0127/181140.435:ERROR:process_memory_win.cc(73)] ReadMemory at 0x2921a18000 of 6024 bytes failed: Only part of a ReadProcessMemory or WriteProcessMemory request was completed. (0x12B)
[0127/181140.437:ERROR:process_memory_win.cc(73)] ReadMemory at 0x2921a1a000 of 6024 bytes failed: Only part of a ReadProcessMemory or WriteProcessMemory request was completed. (0x12B)
[0127/181140.437:ERROR:process_memory_win.cc(73)] ReadMemory at 0x2921a1c000 of 6024 bytes failed: Only part of a ReadProcessMemory or WriteProcessMemory request was completed. (0x12B)
[0127/181140.438:ERROR:process_memory_win.cc(73)] ReadMemory at 0x2921a1e000 of 6024 bytes failed: Only part of a ReadProcessMemory or WriteProcessMemory request was completed. (0x12B)
[0127/181140.438:ERROR:process_memory_win.cc(73)] ReadMemory at 0x2921a20000 of 6024 bytes failed: Only part of a ReadProcessMemory or WriteProcessMemory request was completed. (0x12B)
[0127/181140.438:ERROR:process_memory_win.cc(73)] ReadMemory at 0x2921a22000 of 6024 bytes failed: Only part of a ReadProcessMemory or WriteProcessMemory request was completed. (0x12B)
[0127/181140.439:ERROR:process_memory_win.cc(73)] ReadMemory at 0x2921a24000 of 6024 bytes failed: Only part of a ReadProcessMemory or WriteProcessMemory request was completed. (0x12B)
[0127/181140.439:ERROR:process_memory_win.cc(73)] ReadMemory at 0x2921bb6000 of 852 bytes failed: Only part of a ReadProcessMemory or WriteProcessMemory request was completed. (0x12B)
[0127/181140.439:ERROR:process_memory_win.cc(73)] ReadMemory at 0x2921bb7000 of 6024 bytes failed: Only part of a ReadProcessMemory or WriteProcessMemory request was completed. (0x12B)
[0127/181140.439:ERROR:process_memory_win.cc(73)] ReadMemory at 0x2921bb9000 of 6024 bytes failed: Only part of a ReadProcessMemory or WriteProcessMemory request was completed. (0x12B)
[0127/181140.440:ERROR:process_memory_win.cc(73)] ReadMemory at 0x2921bbd000 of 6024 bytes failed: Only part of a ReadProcessMemory or WriteProcessMemory request was completed. (0x12B)
[0127/181140.440:ERROR:process_memory_win.cc(73)] ReadMemory at 0x2921bbf000 of 6024 bytes failed: Only part of a ReadProcessMemory or WriteProcessMemory request was completed. (0x12B)
[0127/181140.440:ERROR:process_memory_win.cc(73)] ReadMemory at 0x2921bc3000 of 6024 bytes failed: Only part of a ReadProcessMemory or WriteProcessMemory request was completed. (0x12B)
[0127/181140.440:ERROR:process_memory_win.cc(73)] ReadMemory at 0x2921bc5000 of 6024 bytes failed: Only part of a ReadProcessMemory or WriteProcessMemory request was completed. (0x12B)
[0127/181140.440:ERROR:process_memory_win.cc(73)] ReadMemory at 0x2921bc7000 of 6024 bytes failed: Only part of a ReadProcessMemory or WriteProcessMemory request was completed. (0x12B)
[0127/181140.441:ERROR:process_memory_win.cc(73)] ReadMemory at 0x2921bcb000 of 6024 bytes failed: Only part of a ReadProcessMemory or WriteProcessMemory request was completed. (0x12B)
[0127/181140.441:ERROR:process_memory_win.cc(73)] ReadMemory at 0x2921bcd000 of 6024 bytes failed: Only part of a ReadProcessMemory or WriteProcessMemory request was completed. (0x12B)
[0127/181140.441:ERROR:process_memory_win.cc(73)] ReadMemory at 0x2921bcf000 of 6024 bytes failed: Only part of a ReadProcessMemory or WriteProcessMemory request was completed. (0x12B)
[0127/181140.441:ERROR:process_memory_win.cc(73)] ReadMemory at 0x2921bd1000 of 6024 bytes failed: Only part of a ReadProcessMemory or WriteProcessMemory request was completed. (0x12B)
[0127/181140.442:ERROR:process_memory_win.cc(73)] ReadMemory at 0x2921bd3000 of 6024 bytes failed: Only part of a ReadProcessMemory or WriteProcessMemory request was completed. (0x12B)
[0127/181140.442:ERROR:process_memory_win.cc(73)] ReadMemory at 0x2921bd5000 of 6024 bytes failed: Only part of a ReadProcessMemory or WriteProcessMemory request was completed. (0x12B)
[0127/181140.442:ERROR:process_memory_win.cc(73)] ReadMemory at 0x2921bd7000 of 6024 bytes failed: Only part of a ReadProcessMemory or WriteProcessMemory request was completed. (0x12B)
[0127/181140.442:ERROR:process_memory_win.cc(73)] ReadMemory at 0x1903a860fe0 of 13758 bytes failed: Only part of a ReadProcessMemory or WriteProcessMemory request was completed. (0x12B)
[0127/181140.443:ERROR:process_memory_win.cc(73)] ReadMemory at 0x1903a8645b0 of 1012 bytes failed: Only part of a ReadProcessMemory or WriteProcessMemory request was completed. (0x12B)
[0127/181140.443:ERROR:process_memory_win.cc(73)] ReadMemory at 0x1903a864bf8 of 118 bytes failed: Only part of a ReadProcessMemory or WriteProcessMemory request was completed. (0x12B)
[0127/181140.485:ERROR:process_memory_win.cc(73)] ReadMemory at 0x1903a864c70 of 720 bytes failed: Only part of a ReadProcessMemory or WriteProcessMemory request was completed. (0x12B)
[0127/181140.485:ERROR:process_memory_win.cc(73)] ReadMemory at 0x1903a864f42 of 118 bytes failed: Only part of a ReadProcessMemory or WriteProcessMemory request was completed. (0x12B)
[0127/181140.485:ERROR:process_memory_win.cc(73)] ReadMemory at 0x1903a864fba of 98 bytes failed: Only part of a ReadProcessMemory or WriteProcessMemory request was completed. (0x12B)
[0127/181140.540:ERROR:process_memory_win.cc(73)] ReadMemory at 0x1903a865030 of 58 bytes failed: Only part of a ReadProcessMemory or WriteProcessMemory request was completed. (0x12B)
[0127/181140.540:ERROR:process_memory_win.cc(73)] ReadMemory at 0x1903a865130 of 132 bytes failed: Only part of a ReadProcessMemory or WriteProcessMemory request was completed. (0x12B)
[0127/181140.540:ERROR:process_memory_win.cc(73)] ReadMemory at 0x1903a8652c0 of 132 bytes failed: Only part of a ReadProcessMemory or WriteProcessMemory request was completed. (0x12B)
[0127/181140.564:ERROR:process_memory_win.cc(73)] ReadMemory at 0x1903a865480 of 126 bytes failed: Only part of a ReadProcessMemory or WriteProcessMemory request was completed. (0x12B)
[0127/181140.565:ERROR:process_memory_win.cc(73)] ReadMemory at 0x1903a865980 of 132 bytes failed: Only part of a ReadProcessMemory or WriteProcessMemory request was completed. (0x12B)
[0127/181140.644:ERROR:process_memory_win.cc(73)] ReadMemory at 0x1903a865b10 of 64 bytes failed: Only part of a ReadProcessMemory or WriteProcessMemory request was completed. (0x12B)
[0127/181141.026:ERROR:process_memory_win.cc(73)] ReadMemory at 0x1903a865cd0 of 132 bytes failed: Only part of a ReadProcessMemory or WriteProcessMemory request was completed. (0x12B)
[0127/181141.026:ERROR:process_memory_win.cc(73)] ReadMemory at 0x1903a865f90 of 132 bytes failed: Only part of a ReadProcessMemory or WriteProcessMemory request was completed. (0x12B)
[0127/181141.026:ERROR:process_memory_win.cc(73)] ReadMemory at 0x1903a866120 of 68 bytes failed: Only part of a ReadProcessMemory or WriteProcessMemory request was completed. (0x12B)
[0127/181141.027:ERROR:process_memory_win.cc(73)] ReadMemory at 0x1903a8671e0 of 132 bytes failed: Only part of a ReadProcessMemory or WriteProcessMemory request was completed. (0x12B)
[0127/181141.134:ERROR:process_memory_win.cc(73)] ReadMemory at 0x1903a867310 of 154 bytes failed: Only part of a ReadProcessMemory or WriteProcessMemory request was completed. (0x12B)
[0127/181141.135:ERROR:process_memory_win.cc(73)] ReadMemory at 0x1903a868080 of 62 bytes failed: Only part of a ReadProcessMemory or WriteProcessMemory request was completed. (0x12B)
[0127/181141.136:ERROR:process_memory_win.cc(73)] ReadMemory at 0x1903a8681b0 of 132 bytes failed: Only part of a ReadProcessMemory or WriteProcessMemory request was completed. (0x12B)
[0127/181141.655:ERROR:process_memory_win.cc(73)] ReadMemory at 0x1903a868340 of 60 bytes failed: Only part of a ReadProcessMemory or WriteProcessMemory request was completed. (0x12B)
[0127/181141.925:ERROR:process_memory_win.cc(73)] ReadMemory at 0x1903a877980 of 62 bytes failed: Only part of a ReadProcessMemory or WriteProcessMemory request was completed. (0x12B)
[0127/181142.006:ERROR:process_memory_win.cc(73)] ReadMemory at 0x1903a8779d0 of 62 bytes failed: Only part of a ReadProcessMemory or WriteProcessMemory request was completed. (0x12B)
[0127/181142.737:ERROR:process_memory_win.cc(73)] ReadMemory at 0x1903a877ac0 of 64 bytes failed: Only part of a ReadProcessMemory or WriteProcessMemory request was completed. (0x12B)
[0127/181142.822:ERROR:process_memory_win.cc(73)] ReadMemory at 0x1903a877b10 of 64 bytes failed: Only part of a ReadProcessMemory or WriteProcessMemory request was completed. (0x12B)
[0127/181142.826:ERROR:process_memory_win.cc(73)] ReadMemory at 0x1903a877c00 of 62 bytes failed: Only part of a ReadProcessMemory or WriteProcessMemory request was completed. (0x12B)
[0127/181142.839:ERROR:process_memory_win.cc(73)] ReadMemory at 0x1903a877c50 of 60 bytes failed: Only part of a ReadProcessMemory or WriteProcessMemory request was completed. (0x12B)
[0127/181142.839:ERROR:process_memory_win.cc(73)] ReadMemory at 0x1903a877ca0 of 62 bytes failed: Only part of a ReadProcessMemory or WriteProcessMemory request was completed. (0x12B)
[0127/181142.839:ERROR:process_memory_win.cc(73)] ReadMemory at 0x1903a877e30 of 64 bytes failed: Only part of a ReadProcessMemory or WriteProcessMemory request was completed. (0x12B)
[0127/181142.840:ERROR:process_memory_win.cc(73)] ReadMemory at 0x1903a877e80 of 62 bytes failed: Only part of a ReadProcessMemory or WriteProcessMemory request was completed. (0x12B)
[0127/181142.840:ERROR:process_memory_win.cc(73)] ReadMemory at 0x1903a877ed0 of 64 bytes failed: Only part of a ReadProcessMemory or WriteProcessMemory request was completed. (0x12B)
[0127/181142.840:ERROR:process_memory_win.cc(73)] ReadMemory at 0x1903a877f20 of 64 bytes failed: Only part of a ReadProcessMemory or WriteProcessMemory request was completed. (0x12B)
[0127/181142.841:ERROR:process_memory_win.cc(73)] ReadMemory at 0x1903a877fc0 of 62 bytes failed: Only part of a ReadProcessMemory or WriteProcessMemory request was completed. (0x12B)
[0127/181142.841:ERROR:process_memory_win.cc(73)] ReadMemory at 0x1903a878010 of 64 bytes failed: Only part of a ReadProcessMemory or WriteProcessMemory request was completed. (0x12B)
[0127/181142.895:ERROR:process_memory_win.cc(73)] ReadMemory at 0x1903a878100 of 64 bytes failed: Only part of a ReadProcessMemory or WriteProcessMemory request was completed. (0x12B)
[0127/181142.906:ERROR:process_memory_win.cc(73)] ReadMemory at 0x1903a878150 of 60 bytes failed: Only part of a ReadProcessMemory or WriteProcessMemory request was completed. (0x12B)
[0127/181142.906:ERROR:process_memory_win.cc(73)] ReadMemory at 0x1903a878380 of 62 bytes failed: Only part of a ReadProcessMemory or WriteProcessMemory request was completed. (0x12B)
[0127/181142.933:ERROR:process_memory_win.cc(73)] ReadMemory at 0x1903a8783d0 of 62 bytes failed: Only part of a ReadProcessMemory or WriteProcessMemory request was completed. (0x12B)
[0127/181142.936:ERROR:process_memory_win.cc(73)] ReadMemory at 0x1903a878650 of 60 bytes failed: Only part of a ReadProcessMemory or WriteProcessMemory request was completed. (0x12B)
[0127/181142.956:ERROR:process_memory_win.cc(73)] ReadMemory at 0x1903a8786a0 of 62 bytes failed: Only part of a ReadProcessMemory or WriteProcessMemory request was completed. (0x12B)
[0127/181142.976:ERROR:process_memory_win.cc(73)] ReadMemory at 0x1903a8786f0 of 58 bytes failed: Only part of a ReadProcessMemory or WriteProcessMemory request was completed. (0x12B)
[0127/181142.980:ERROR:process_memory_win.cc(73)] ReadMemory at 0x1903a8787e0 of 66 bytes failed: Only part of a ReadProcessMemory or WriteProcessMemory request was completed. (0x12B)
[0127/181142.998:ERROR:process_memory_win.cc(73)] ReadMemory at 0x1903a879d50 of 146 bytes failed: Only part of a ReadProcessMemory or WriteProcessMemory request was completed. (0x12B)
[0127/181142.999:ERROR:process_memory_win.cc(73)] ReadMemory at 0x1903a879e30 of 132 bytes failed: Only part of a ReadProcessMemory or WriteProcessMemory request was completed. (0x12B)
[0127/181143.093:ERROR:process_memory_win.cc(73)] ReadMemory at 0x1903a87a540 of 132 bytes failed: Only part of a ReadProcessMemory or WriteProcessMemory request was completed. (0x12B)
[0127/181143.093:ERROR:process_memory_win.cc(73)] ReadMemory at 0x1903a87a8b0 of 132 bytes failed: Only part of a ReadProcessMemory or WriteProcessMemory request was completed. (0x12B)
[0127/181143.100:ERROR:process_memory_win.cc(73)] ReadMemory at 0x1903a87a9e0 of 132 bytes failed: Only part of a ReadProcessMemory or WriteProcessMemory request was completed. (0x12B)
[0127/181143.101:ERROR:process_memory_win.cc(73)] ReadMemory at 0x1903a87ad30 of 132 bytes failed: Only part of a ReadProcessMemory or WriteProcessMemory request was completed. (0x12B)
[0127/181143.101:ERROR:process_memory_win.cc(73)] ReadMemory at 0x1903a87af90 of 132 bytes failed: Only part of a ReadProcessMemory or WriteProcessMemory request was completed. (0x12B)
[0127/181143.101:ERROR:process_memory_win.cc(73)] ReadMemory at 0x1903a87b0c0 of 132 bytes failed: Only part of a ReadProcessMemory or WriteProcessMemory request was completed. (0x12B)
[0127/181143.101:ERROR:process_memory_win.cc(73)] ReadMemory at 0x1903a87b1f0 of 132 bytes failed: Only part of a ReadProcessMemory or WriteProcessMemory request was completed. (0x12B)
[0127/181143.102:ERROR:process_memory_win.cc(73)] ReadMemory at 0x1903a87b320 of 132 bytes failed: Only part of a ReadProcessMemory or WriteProcessMemory request was completed. (0x12B)
[0127/181143.134:ERROR:process_memory_win.cc(73)] ReadMemory at 0x1903a87b450 of 132 bytes failed: Only part of a ReadProcessMemory or WriteProcessMemory request was completed. (0x12B)
[0127/181143.141:ERROR:process_memory_win.cc(73)] ReadMemory at 0x1903a87b580 of 132 bytes failed: Only part of a ReadProcessMemory or WriteProcessMemory request was completed. (0x12B)
[0127/181143.143:ERROR:process_memory_win.cc(73)] ReadMemory at 0x1903a87b6b0 of 132 bytes failed: Only part of a ReadProcessMemory or WriteProcessMemory request was completed. (0x12B)
[0127/181143.143:ERROR:process_memory_win.cc(73)] ReadMemory at 0x1903a87b7e0 of 132 bytes failed: Only part of a ReadProcessMemory or WriteProcessMemory request was completed. (0x12B)
[0127/181143.143:ERROR:process_memory_win.cc(73)] ReadMemory at 0x1903a87b910 of 132 bytes failed: Only part of a ReadProcessMemory or WriteProcessMemory request was completed. (0x12B)
[0127/181143.186:ERROR:process_memory_win.cc(73)] ReadMemory at 0x1903a87ba40 of 132 bytes failed: Only part of a ReadProcessMemory or WriteProcessMemory request was completed. (0x12B)
[0127/181143.187:ERROR:process_memory_win.cc(73)] ReadMemory at 0x1903a87bb70 of 132 bytes failed: Only part of a ReadProcessMemory or WriteProcessMemory request was completed. (0x12B)
[0127/181143.187:ERROR:process_memory_win.cc(73)] ReadMemory at 0x1903a87bca0 of 132 bytes failed: Only part of a ReadProcessMemory or WriteProcessMemory request was completed. (0x12B)
[0127/181143.187:ERROR:process_memory_win.cc(73)] ReadMemory at 0x1903a87bdd0 of 132 bytes failed: Only part of a ReadProcessMemory or WriteProcessMemory request was completed. (0x12B)
[0127/181143.188:ERROR:process_memory_win.cc(73)] ReadMemory at 0x1903a881000 of 132 bytes failed: Only part of a ReadProcessMemory or WriteProcessMemory request was completed. (0x12B)
[0127/181143.191:ERROR:process_memory_win.cc(73)] ReadMemory at 0x1903a882780 of 132 bytes failed: Only part of a ReadProcessMemory or WriteProcessMemory request was completed. (0x12B)
[0127/181143.191:ERROR:process_memory_win.cc(73)] ReadMemory at 0x1903a884690 of 132 bytes failed: Only part of a ReadProcessMemory or WriteProcessMemory request was completed. (0x12B)
[0127/181143.192:ERROR:process_memory_win.cc(73)] ReadMemory at 0x1903a885980 of 132 bytes failed: Only part of a ReadProcessMemory or WriteProcessMemory request was completed. (0x12B)
[0127/181143.192:ERROR:process_memory_win.cc(73)] ReadMemory at 0x1903a886260 of 80 bytes failed: Only part of a ReadProcessMemory or WriteProcessMemory request was completed. (0x12B)
[0127/181143.192:ERROR:process_memory_win.cc(73)] ReadMemory at 0x1903a886da0 of 80 bytes failed: Only part of a ReadProcessMemory or WriteProcessMemory request was completed. (0x12B)
[0127/181143.192:ERROR:process_memory_win.cc(73)] ReadMemory at 0x1903a88a2f0 of 132 bytes failed: Only part of a ReadProcessMemory or WriteProcessMemory request was completed. (0x12B)
[0127/181143.192:ERROR:process_memory_win.cc(73)] ReadMemory at 0x1903a88aa10 of 132 bytes failed: Only part of a ReadProcessMemory or WriteProcessMemory request was completed. (0x12B)
[0127/181143.211:ERROR:process_memory_win.cc(73)] ReadMemory at 0x1903a88b850 of 132 bytes failed: Only part of a ReadProcessMemory or WriteProcessMemory request was completed. (0x12B)
[0127/181143.211:ERROR:process_memory_win.cc(73)] ReadMemory at 0x1903a88eff0 of 60 bytes failed: Only part of a ReadProcessMemory or WriteProcessMemory request was completed. (0x12B)
[0127/181143.212:ERROR:process_memory_win.cc(73)] ReadMemory at 0x1903a89e750 of 512 bytes failed: Only part of a ReadProcessMemory or WriteProcessMemory request was completed. (0x12B)
[0127/181143.212:ERROR:process_memory_win.cc(73)] ReadMemory at 0x1903a8e3480 of 560 bytes failed: Only part of a ReadProcessMemory or WriteProcessMemory request was completed. (0x12B)
[0127/181143.250:ERROR:process_memory_win.cc(73)] ReadMemory at 0x1903a8e4020 of 512 bytes failed: Only part of a ReadProcessMemory or WriteProcessMemory request was completed. (0x12B)
[0127/181143.250:ERROR:process_memory_win.cc(73)] ReadMemory at 0x1903a901a30 of 712 bytes failed: Only part of a ReadProcessMemory or WriteProcessMemory request was completed. (0x12B)
[0127/181143.250:ERROR:process_memory_win.cc(73)] ReadMemory at 0x1903a909730 of 512 bytes failed: Only part of a ReadProcessMemory or WriteProcessMemory request was completed. (0x12B)
[0127/181143.250:ERROR:process_memory_win.cc(73)] ReadMemory at 0x1903a90d550 of 512 bytes failed: Only part of a ReadProcessMemory or WriteProcessMemory request was completed. (0x12B)
[0127/181143.250:ERROR:process_memory_win.cc(73)] ReadMemory at 0x1903a9299b0 of 512 bytes failed: Only part of a ReadProcessMemory or WriteProcessMemory request was completed. (0x12B)
[0127/181143.250:ERROR:process_memory_win.cc(73)] ReadMemory at 0x1903a944750 of 512 bytes failed: Only part of a ReadProcessMemory or WriteProcessMemory request was completed. (0x12B)
[0127/181143.252:ERROR:process_memory_win.cc(73)] ReadMemory at 0x1903aa80c40 of 512 bytes failed: Only part of a ReadProcessMemory or WriteProcessMemory request was completed. (0x12B)
[0127/181143.252:ERROR:process_memory_win.cc(73)] ReadMemory at 0x1903c39e890 of 512 bytes failed: Only part of a ReadProcessMemory or WriteProcessMemory request was completed. (0x12B)
[0127/181143.252:ERROR:process_memory_win.cc(73)] ReadMemory at 0x1903c3aeed0 of 512 bytes failed: Only part of a ReadProcessMemory or WriteProcessMemory request was completed. (0x12B)
[0127/181143.252:ERROR:process_memory_win.cc(73)] ReadMemory at 0x1903c3d0c80 of 512 bytes failed: Only part of a ReadProcessMemory or WriteProcessMemory request was completed. (0x12B)
[0127/181143.252:ERROR:process_memory_win.cc(73)] ReadMemory at 0x1903c68e630 of 512 bytes failed: Only part of a ReadProcessMemory or WriteProcessMemory request was completed. (0x12B)
[0127/181143.253:ERROR:process_memory_win.cc(73)] ReadMemory at 0x1903c8a3180 of 512 bytes failed: Only part of a ReadProcessMemory or WriteProcessMemory request was completed. (0x12B)
[0127/181143.253:ERROR:process_memory_win.cc(73)] ReadMemory at 0x1903d59ee90 of 512 bytes failed: Only part of a ReadProcessMemory or WriteProcessMemory request was completed. (0x12B)
[0127/181143.253:ERROR:process_memory_win.cc(73)] ReadMemory at 0x1903dd25a20 of 512 bytes failed: Only part of a ReadProcessMemory or WriteProcessMemory request was completed. (0x12B)
[0127/181143.271:ERROR:process_memory_win.cc(73)] ReadMemory at 0x1904007c680 of 512 bytes failed: Only part of a ReadProcessMemory or WriteProcessMemory request was completed. (0x12B)
[0127/181143.271:ERROR:process_memory_win.cc(73)] ReadMemory at 0x1904592af70 of 512 bytes failed: Only part of a ReadProcessMemory or WriteProcessMemory request was completed. (0x12B)
[0127/181143.272:ERROR:process_memory_win.cc(73)] ReadMemory at 0x1904785ae90 of 512 bytes failed: Only part of a ReadProcessMemory or WriteProcessMemory request was completed. (0x12B)
[0127/181143.313:ERROR:process_memory_win.cc(73)] ReadMemory at 0x2c6f0aac2780 of 512 bytes failed: Only part of a ReadProcessMemory or WriteProcessMemory request was completed. (0x12B)
[0127/181143.313:ERROR:process_memory_win.cc(73)] ReadMemory at 0x2c6f0aafff80 of 128 bytes failed: Only part of a ReadProcessMemory or WriteProcessMemory request was completed. (0x12B)
[0127/181143.314:ERROR:process_memory_win.cc(73)] ReadMemory at 0x2c6f0fc3ff80 of 512 bytes failed: Only part of a ReadProcessMemory or WriteProcessMemory request was completed. (0x12B)
[0127/181143.328:ERROR:process_memory_win.cc(73)] ReadMemory at 0x2c6f0fc78a80 of 880 bytes failed: Only part of a ReadProcessMemory or WriteProcessMemory request was completed. (0x12B)
[0127/181143.329:ERROR:process_memory_win.cc(73)] ReadMemory at 0x2c6f0fc7904c of 880 bytes failed: Only part of a ReadProcessMemory or WriteProcessMemory request was completed. (0x12B)
[0127/181143.329:ERROR:process_memory_win.cc(73)] ReadMemory at 0x2c6f0fd4495d of 543 bytes failed: Only part of a ReadProcessMemory or WriteProcessMemory request was completed. (0x12B)
[0127/181143.329:ERROR:process_memory_win.cc(73)] ReadMemory at 0x2c6f1317ff80 of 512 bytes failed: Only part of a ReadProcessMemory or WriteProcessMemory request was completed. (0x12B)
[0127/181143.329:ERROR:process_memory_win.cc(73)] ReadMemory at 0x2c6f131abe20 of 513 bytes failed: Only part of a ReadProcessMemory or WriteProcessMemory request was completed. (0x12B)
[0127/181143.330:ERROR:process_memory_win.cc(73)] ReadMemory at 0x2c6f131ac950 of 512 bytes failed: Only part of a ReadProcessMemory or WriteProcessMemory request was completed. (0x12B)
[0127/181143.330:ERROR:process_memory_win.cc(73)] ReadMemory at 0x2c6f131bff80 of 784 bytes failed: Only part of a ReadProcessMemory or WriteProcessMemory request was completed. (0x12B)
[0127/181143.330:ERROR:process_memory_win.cc(73)] ReadMemory at 0x2c6f131fcead of 639 bytes failed: Only part of a ReadProcessMemory or WriteProcessMemory request was completed. (0x12B)
[0127/181143.331:ERROR:process_memory_win.cc(73)] ReadMemory at 0x2c6f131ffced of 512 bytes failed: Only part of a ReadProcessMemory or WriteProcessMemory request was completed. (0x12B)
[0127/181143.331:ERROR:process_memory_win.cc(73)] ReadMemory at 0x2c6f1377ff80 of 512 bytes failed: Only part of a ReadProcessMemory or WriteProcessMemory request was completed. (0x12B)
[0127/181143.331:ERROR:process_memory_win.cc(73)] ReadMemory at 0x2c6f137b8f88 of 797 bytes failed: Only part of a ReadProcessMemory or WriteProcessMemory request was completed. (0x12B)
[0127/181143.331:ERROR:process_memory_win.cc(73)] ReadMemory at 0x2c6f137b9930 of 512 bytes failed: Only part of a ReadProcessMemory or WriteProcessMemory request was completed. (0x12B)
[0127/181143.331:ERROR:process_memory_win.cc(73)] ReadMemory at 0x2c6f137ce765 of 647 bytes failed: Only part of a ReadProcessMemory or WriteProcessMemory request was completed. (0x12B)
[0127/181143.331:ERROR:process_memory_win.cc(73)] ReadMemory at 0x2c6f1389a600 of 933 bytes failed: Only part of a ReadProcessMemory or WriteProcessMemory request was completed. (0x12B)
[0127/181143.332:ERROR:process_memory_win.cc(73)] ReadMemory at 0x2c6f1389e650 of 513 bytes failed: Only part of a ReadProcessMemory or WriteProcessMemory request was completed. (0x12B)
[0127/181143.332:ERROR:process_memory_win.cc(73)] ReadMemory at 0x2c6f1389e974 of 513 bytes failed: Only part of a ReadProcessMemory or WriteProcessMemory request was completed. (0x12B)
[0127/181143.344:ERROR:process_memory_win.cc(73)] ReadMemory at 0x2c6f138d569d of 532 bytes failed: Only part of a ReadProcessMemory or WriteProcessMemory request was completed. (0x12B)
[0127/181143.350:ERROR:process_memory_win.cc(73)] ReadMemory at 0x68c050667090 of 608 bytes failed: Only part of a ReadProcessMemory or WriteProcessMemory request was completed. (0x12B)
[0127/181143.350:ERROR:process_memory_win.cc(73)] ReadMemory at 0x6b5b7dce5b20 of 512 bytes failed: Only part of a ReadProcessMemory or WriteProcessMemory request was completed. (0x12B)
[0127/181143.351:ERROR:process_memory_win.cc(73)] ReadMemory at 0x7077aa804000 of 448 bytes failed: Only part of a ReadProcessMemory or WriteProcessMemory request was completed. (0x12B)
[0127/181143.353:ERROR:process_memory_win.cc(73)] ReadMemory at 0x7077acc78720 of 512 bytes failed: Only part of a ReadProcessMemory or WriteProcessMemory request was completed. (0x12B)
[0127/181143.353:ERROR:process_memory_win.cc(73)] ReadMemory at 0x7d9b45b97458 of 512 bytes failed: Only part of a ReadProcessMemory or WriteProcessMemory request was completed. (0x12B)
[0127/181143.353:ERROR:process_memory_win.cc(73)] ReadMemory at 0x7ffa16de5f6d of 512 bytes failed: Only part of a ReadProcessMemory or WriteProcessMemory request was completed. (0x12B)
[0127/181143.361:ERROR:process_memory_win.cc(73)] ReadMemory at 0x7ffa18ce3cb0 of 512 bytes failed: Only part of a ReadProcessMemory or WriteProcessMemory request was completed. (0x12B)
[0127/181143.361:ERROR:process_memory_win.cc(73)] ReadMemory at 0x7ffa18cf1541 of 512 bytes failed: Only part of a ReadProcessMemory or WriteProcessMemory request was completed. (0x12B)
[0127/181143.361:ERROR:process_memory_win.cc(73)] ReadMemory at 0x7ffa197901b0 of 512 bytes failed: Only part of a ReadProcessMemory or WriteProcessMemory request was completed. (0x12B)
[0127/181143.361:ERROR:process_memory_win.cc(73)] ReadMemory at 0x7ffa1a3fff50 of 512 bytes failed: Only part of a ReadProcessMemory or WriteProcessMemory request was completed. (0x12B)
[0127/181143.362:ERROR:process_memory_win.cc(73)] ReadMemory at 0x7ffa1af7ecf0 of 512 bytes failed: Only part of a ReadProcessMemory or WriteProcessMemory request was completed. (0x12B)
[0127/181143.364:ERROR:process_memory_win.cc(73)] ReadMemory at 0x7ffa1bf27d20 of 512 bytes failed: Only part of a ReadProcessMemory or WriteProcessMemory request was completed. (0x12B)
[0127/181143.364:ERROR:process_memory_win.cc(73)] ReadMemory at 0x7ffa1f027284 of 512 bytes failed: Only part of a ReadProcessMemory or WriteProcessMemory request was completed. (0x12B)
[0127/181143.365:ERROR:process_memory_win.cc(73)] ReadMemory at 0x7ffa2fe0a8b7 of 512 bytes failed: Only part of a ReadProcessMemory or WriteProcessMemory request was completed. (0x12B)
[0127/181143.365:ERROR:process_memory_win.cc(73)] ReadMemory at 0x7ffa8b7d4a50 of 512 bytes failed: Only part of a ReadProcessMemory or WriteProcessMemory request was completed. (0x12B)
[0127/181143.365:ERROR:process_memory_win.cc(73)] ReadMemory at 0x7ffa8d5abfb4 of 672 bytes failed: Only part of a ReadProcessMemory or WriteProcessMemory request was completed. (0x12B)
[0127/181143.366:ERROR:process_memory_win.cc(73)] ReadMemory at 0x7ffa8d5af924 of 608 bytes failed: Only part of a ReadProcessMemory or WriteProcessMemory request was completed. (0x12B)
[0127/181143.366:ERROR:process_memory_win.cc(73)] ReadMemory at 0x7ffa8d640a00 of 18 bytes failed: Only part of a ReadProcessMemory or WriteProcessMemory request was completed. (0x12B)
[0127/181143.371:ERROR:process_memory_win.cc(73)] ReadMemory at 0x7ffa8d6754f8 of 40 bytes failed: Only part of a ReadProcessMemory or WriteProcessMemory request was completed. (0x12B)
[0127/181143.371:ERROR:process_memory_win.cc(73)] ReadMemory at 0x7ffa8d675978 of 48 bytes failed: Only part of a ReadProcessMemory or WriteProcessMemory request was completed. (0x12B)
[0127/181143.372:ERROR:process_memory_win.cc(73)] ReadMemory at 0x7ffa8d67b4c0 of 64 bytes failed: Only part of a ReadProcessMemory or WriteProcessMemory request was completed. (0x12B)
[0127/181143.408:ERROR:scoped_process_suspend.cc(40)] NtResumeProcess: An attempt was made to access an exiting process. (0xc000010a)
[0128/011628.320:ERROR:directory_reader_win.cc(43)] FindFirstFile: The system cannot find the path specified. (0x3)
[0128/131938.804:ERROR:directory_reader_win.cc(43)] FindFirstFile: The system cannot find the path specified. (0x3)
